<?xml version="1.0" encoding="UTF-8"?>
<!-- Generated by org.testng.reporters.JUnitReportReporter -->
<testsuite hostname="MacBookAir" failures="0" tests="3" name="com.pbrunner.RunnerAllFeature" time="0.287" errors="0" timestamp="12 Nov 2024 00:58:02 GMT" skipped="0">
  <testcase classname="com.pbrunner.RunnerAllFeature" name="runScenario" time="0.024"/>
  <testcase classname="com.pbrunner.RunnerAllFeature" name="runScenario" time="0.237"/>
  <testcase classname="com.pbrunner.RunnerAllFeature" name="runScenario" time="0.026"/>
</testsuite> <!-- com.pbrunner.RunnerAllFeature -->
