<?xml version="1.0" encoding="UTF-8"?>
<!-- Generated by org.testng.reporters.JUnitReportReporter -->
<testsuite hostname="MacBookAir" failures="0" tests="1" name="com.pbrunner.ParaBankLogoutRunner" time="0.245" errors="0" timestamp="11 Nov 2024 23:34:25 GMT" skipped="0">
  <testcase classname="com.pbrunner.ParaBankLogoutRunner" name="runScenario" time="0.245"/>
</testsuite> <!-- com.pbrunner.ParaBankLogoutRunner -->
