<?xml version="1.0" encoding="UTF-8"?>
<!-- Generated by org.testng.reporters.JUnitReportReporter -->
<testsuite hostname="MacBookAir" failures="0" tests="2" name="com.pbrunner.ParaBankRunner" time="0.255" errors="0" timestamp="07 Nov 2024 03:37:55 GMT" skipped="0">
  <testcase classname="com.pbrunner.ParaBankRunner" name="runScenario" time="0.022"/>
  <testcase classname="com.pbrunner.ParaBankRunner" name="runScenario" time="0.233"/>
</testsuite> <!-- com.pbrunner.ParaBankRunner -->
