<?xml version="1.0" encoding="UTF-8"?>
<!-- Generated by org.testng.reporters.JUnitReportReporter -->
<testsuite hostname="MacBookAir" failures="0" tests="3" name="com.pbrunner.RunnerAllFeature" time="0.071" errors="0" timestamp="12 Nov 2024 01:00:00 GMT" skipped="0">
  <testcase classname="com.pbrunner.RunnerAllFeature" name="runScenario" time="0.005"/>
  <testcase classname="com.pbrunner.RunnerAllFeature" name="runScenario" time="0.009"/>
  <testcase classname="com.pbrunner.RunnerAllFeature" name="runScenario" time="0.057"/>
</testsuite> <!-- com.pbrunner.RunnerAllFeature -->
